{
  "RSpec": {
    "coverage": {
      "/Users/charlottefereday/Development/Week_10/GildedRose-Test-2/spec/gilded_rose_spec.rb": [
        1,
        null,
        1,
        1,
        6,
        null,
        1,
        null,
        1,
        31,
        1,
        1,
        1,
        null,
        null,
        1,
        1,
        1,
        1,
        null,
        null,
        1,
        1,
        1,
        1,
        null,
        null,
        1,
        1,
        null,
        null,
        1,
        1,
        null,
        null,
        null,
        null,
        null,
        null,
        null,
        null,
        null,
        null,
        null,
        null,
        null,
        null,
        null,
        null,
        null,
        null,
        null,
        null,
        null,
        1,
        2,
        2,
        2,
        null,
        1,
        1,
        1,
        1,
        1,
        null,
        null,
        null
      ],
      "/Users/charlottefereday/Development/Week_10/GildedRose-Test-2/lib/gilded_rose.rb": [
        1,
        null,
        1,
        null,
        1,
        5,
        null,
        null,
        1,
        30,
        90,
        null,
        null,
        15,
        null,
        null,
        null,
        75,
        70,
        70,
        30,
        30,
        30,
        null,
        null,
        30,
        30,
        30,
        null,
        null,
        null,
        null,
        null,
        90,
        60,
        null,
        90,
        58,
        29,
        0,
        0,
        0,
        null,
        null,
        null,
        29,
        null,
        null,
        29,
        24,
        null,
        null,
        null,
        null,
        null,
        null,
        null,
        null,
        null,
        null,
        null,
        null,
        null,
        null,
        null,
        null,
        null,
        null,
        1,
        1,
        null,
        1,
        6,
        6,
        6,
        null,
        null,
        1,
        3,
        null,
        null
      ]
    },
    "timestamp": 1499956380
  }
}
