{
  "RSpec": {
    "coverage": {
      "/Users/charlottefereday/Development/Week_10/GildedRose-Test-2/spec/gilded_rose_spec.rb": [
        1,
        null,
        1,
        1,
        6,
        null,
        1,
        null,
        1,
        31,
        1,
        1,
        1,
        null,
        null,
        1,
        1,
        1,
        1,
        null,
        null,
        1,
        1,
        1,
        1,
        null,
        null,
        1,
        1,
        null,
        null,
        1,
        1,
        null,
        null,
        1,
        1,
        1,
        31,
        1,
        1,
        1,
        null,
        1,
        1,
        1,
        null,
        1,
        1,
        1,
        null,
        null,
        null,
        null,
        1,
        2,
        2,
        2,
        null,
        1,
        1,
        1,
        1,
        1,
        null,
        null,
        null
      ],
      "/Users/charlottefereday/Development/Week_10/GildedRose-Test-2/lib/gilded_rose.rb": [
        1,
        null,
        1,
        null,
        1,
        6,
        null,
        null,
        1,
        60,
        180,
        60,
        60,
        0,
        null,
        null,
        null,
        120,
        110,
        110,
        60,
        60,
        60,
        null,
        null,
        60,
        60,
        60,
        null,
        null,
        null,
        null,
        null,
        180,
        120,
        null,
        180,
        116,
        58,
        0,
        0,
        0,
        null,
        null,
        null,
        58,
        null,
        null,
        58,
        47,
        null,
        null,
        null,
        null,
        null,
        null,
        null,
        null,
        null,
        null,
        null,
        null,
        null,
        null,
        null,
        null,
        null,
        null,
        1,
        1,
        null,
        1,
        9,
        9,
        9,
        null,
        null,
        1,
        3,
        null,
        null
      ]
    },
    "timestamp": 1499950507
  }
}
